<?xml version="1.0" encoding="UTF-8"?>
<!-- Generated by org.testng.reporters.JUnitReportReporter -->
<testsuite hostname="THAMU" failures="0" tests="1" name="RestAssuredAPI.JSONSchemaValidator" time="5.734" errors="0" timestamp="2023-04-13T16:09:01 IST" skipped="0">
  <testcase classname="RestAssuredAPI.JSONSchemaValidator" name="GetTest" time="5.734"/>
  <system-out/>
</testsuite> <!-- RestAssuredAPI.JSONSchemaValidator -->
