<?xml version="1.0" encoding="UTF-8"?>
<!-- Generated by org.testng.reporters.JUnitReportReporter -->
<testsuite hostname="THAMU" failures="0" tests="2" name="RestAssuredAPI.myFirstRestAssuredClass" time="8.013" errors="0" timestamp="2023-04-10T18:30:32 IST" skipped="0">
  <testcase classname="RestAssuredAPI.myFirstRestAssuredClass" name="getResponseBody1" time="1.916"/>
  <system-out/>
  <testcase classname="RestAssuredAPI.myFirstRestAssuredClass" name="getResponseBody" time="6.097"/>
  <system-out/>
</testsuite> <!-- RestAssuredAPI.myFirstRestAssuredClass -->
