<?xml version="1.0" encoding="UTF-8"?>
<!-- Generated by org.testng.reporters.JUnitReportReporter -->
<testsuite hostname="THAMU" failures="0" tests="2" name="RestAssuredAPI.getandpost" time="9.783" errors="0" timestamp="2023-06-06T11:44:00 IST" skipped="0">
  <testcase classname="RestAssuredAPI.getandpost" name="GetTest" time="8.634"/>
  <system-out/>
  <testcase classname="RestAssuredAPI.getandpost" name="PostTest" time="1.149"/>
  <system-out/>
</testsuite> <!-- RestAssuredAPI.getandpost -->
