<?xml version="1.0" encoding="UTF-8"?>
<!-- Generated by org.testng.reporters.JUnitReportReporter -->
<testsuite hostname="THAMU" failures="0" tests="1" name="RestAssuredAPI.SOAPXMLRequest" time="15.783" errors="0" timestamp="2023-04-15T16:49:45 IST" skipped="0">
  <testcase classname="RestAssuredAPI.SOAPXMLRequest" name="ValidateSoapXML" time="15.783"/>
  <system-out/>
</testsuite> <!-- RestAssuredAPI.SOAPXMLRequest -->
