<?xml version="1.0" encoding="UTF-8"?>
<!-- Generated by org.testng.reporters.JUnitReportReporter -->
<testsuite hostname="THAMU" failures="0" tests="2" name="RestAssuredAPI.PutPatchDelete" time="4.526" errors="0" timestamp="2023-04-13T10:41:48 IST" skipped="0">
  <testcase classname="RestAssuredAPI.PutPatchDelete" name="PutTest" time="0.858"/>
  <system-out/>
  <testcase classname="RestAssuredAPI.PutPatchDelete" name="PatchTest" time="3.668"/>
  <system-out/>
</testsuite> <!-- RestAssuredAPI.PutPatchDelete -->
