<?xml version="1.0" encoding="UTF-8"?>
<!-- Generated by org.testng.reporters.JUnitReportReporter -->
<testsuite hostname="THAMU" failures="0" tests="1" name="RestAssuredAPI.RATest1" time="3.633" errors="0" timestamp="2023-04-12T17:34:54 IST" skipped="0">
  <testcase classname="RestAssuredAPI.RATest1" name="GetBooksDetails" time="3.633"/>
  <system-out/>
</testsuite> <!-- RestAssuredAPI.RATest1 -->
