<?xml version="1.0" encoding="UTF-8"?>
<!-- Generated by org.testng.reporters.JUnitReportReporter -->
<testsuite hostname="THAMU" failures="0" tests="2" name="RestAssuredAPI.RestAssured3" time="4.962" errors="0" timestamp="2023-04-12T17:34:34 IST" skipped="0">
  <testcase classname="RestAssuredAPI.RestAssured3" name="test2" time="1.615"/>
  <system-out/>
  <testcase classname="RestAssuredAPI.RestAssured3" name="test1" time="3.347"/>
  <system-out/>
</testsuite> <!-- RestAssuredAPI.RestAssured3 -->
