<?xml version="1.0" encoding="UTF-8"?>
<!-- Generated by org.testng.reporters.JUnitReportReporter -->
<testsuite hostname="THAMU" failures="0" tests="1" name="RestAssuredAPI.RestAssured2" time="8.787" errors="0" timestamp="2023-04-11T12:03:32 IST" skipped="0">
  <testcase classname="RestAssuredAPI.RestAssured2" name="test1" time="8.787"/>
  <system-out/>
</testsuite> <!-- RestAssuredAPI.RestAssured2 -->
