<?xml version="1.0" encoding="UTF-8"?>
<!-- Generated by org.testng.reporters.JUnitReportReporter -->
<testsuite hostname="THAMU" failures="0" tests="1" name="RealTimeProject2.pagination" time="20.867" errors="0" timestamp="2023-04-07T12:47:24 IST" skipped="0">
  <testcase classname="RealTimeProject2.pagination" name="paginationUsingForLoop" time="20.867"/>
  <system-out/>
</testsuite> <!-- RealTimeProject2.pagination -->
